0 info it worked if it ends with ok
1 verbose cli [ 'node',
1 verbose cli   '/usr/local/bin/npm',
1 verbose cli   'install',
1 verbose cli   'git://github.com/bnoguchi/everyauth.git#express3' ]
2 info using npm@1.1.63
3 info using node@v0.8.12
4 verbose read json /Users/Manu/Development/NodeJS/EcsionAPIKeyManager/package.json
5 warn package.json application-name@0.0.1 No README.md file found!
6 verbose read json /Users/Manu/Development/NodeJS/EcsionAPIKeyManager/node_modules/express/package.json
7 verbose read json /Users/Manu/Development/NodeJS/EcsionAPIKeyManager/node_modules/jade/package.json
8 verbose read json /Users/Manu/Development/NodeJS/EcsionAPIKeyManager/node_modules/mysql/package.json
9 verbose read json /Users/Manu/Development/NodeJS/EcsionAPIKeyManager/node_modules/nodemon/package.json
10 verbose from cache /Users/Manu/Development/NodeJS/EcsionAPIKeyManager/package.json
11 verbose readDependencies using package.json deps
12 verbose cache add [ 'git://github.com/bnoguchi/everyauth.git#express3', null ]
13 silly cache add name=undefined spec="git://github.com/bnoguchi/everyauth.git#express3" args=["git://github.com/bnoguchi/everyauth.git#express3",null]
14 verbose parsed url { protocol: 'git:',
14 verbose parsed url   slashes: true,
14 verbose parsed url   host: 'github.com',
14 verbose parsed url   hostname: 'github.com',
14 verbose parsed url   href: 'git://github.com/bnoguchi/everyauth.git#express3',
14 verbose parsed url   hash: '#express3',
14 verbose parsed url   pathname: '/bnoguchi/everyauth.git',
14 verbose parsed url   path: '/bnoguchi/everyauth.git' }
15 silly lockFile 29adaf1d--bnoguchi-everyauth-git-express3 git://github.com/bnoguchi/everyauth.git#express3
16 verbose lock git://github.com/bnoguchi/everyauth.git#express3 /Users/Manu/.npm/29adaf1d--bnoguchi-everyauth-git-express3.lock
17 verbose addRemoteGit [ 'git://github.com/bnoguchi/everyauth.git', 'express3' ]
18 silly exec git "clone" "git://github.com/bnoguchi/everyauth.git" "/var/folders/4s/1sxbng3521gg86ptmlgby2980000gp/T/npm-24814/1357334207278-0.8822086376603693"
19 silly git,clone,git://github.com/bnoguchi/everyauth.git,/var/folders/4s/1sxbng3521gg86ptmlgby2980000gp/T/npm-24814/1357334207278-0.8822086376603693, spawning
20 error git clone git://github.com/bnoguchi/everyauth.git Cloning into '/var/folders/4s/1sxbng3521gg86ptmlgby2980000gp/T/npm-24814/1357334207278-0.8822086376603693'...
20 error git clone git://github.com/bnoguchi/everyauth.git
20 error git clone git://github.com/bnoguchi/everyauth.git fatal: read error: Operation timed out
21 silly lockFile b706a6d8-ithub-com-bnoguchi-everyauth-git git://github.com/bnoguchi/everyauth.git
22 error Error: `git "clone" "git://github.com/bnoguchi/everyauth.git" "/var/folders/4s/1sxbng3521gg86ptmlgby2980000gp/T/npm-24814/1357334207278-0.8822086376603693"` failed with 128
22 error     at ChildProcess.<anonymous> (/usr/local/lib/node_modules/npm/lib/utils/exec.js:56:20)
22 error     at ChildProcess.EventEmitter.emit (events.js:96:17)
22 error     at Process._handle.onexit (child_process.js:678:10)
23 error If you need help, you may report this log at:
23 error     <http://github.com/isaacs/npm/issues>
23 error or email it to:
23 error     <npm-@googlegroups.com>
24 error System Darwin 12.2.0
25 error command "node" "/usr/local/bin/npm" "install" "git://github.com/bnoguchi/everyauth.git#express3"
26 error cwd /Users/Manu/Development/NodeJS/EcsionAPIKeyManager
27 error node -v v0.8.12
28 error npm -v 1.1.63
29 verbose exit [ 1, true ]
